<?xml version="1.0" encoding="UTF-8"?>
<testng-results ignored="0" total="1" passed="1" failed="0" skipped="0">
  <reporter-output>
  </reporter-output>
  <suite started-at="2026-01-13T21:53:19 IST" name="Default suite" finished-at="2026-01-13T21:53:25 IST" duration-ms="6055">
    <groups>
    </groups>
    <test started-at="2026-01-13T21:53:19 IST" name="Default test" finished-at="2026-01-13T21:53:25 IST" duration-ms="6055">
      <class name="tests.LoginTest">
        <test-method is-config="true" signature="setUp()[pri:0, instance:tests.LoginTest@3427b02d]" started-at="2026-01-13T21:53:19 IST" name="setUp" finished-at="2026-01-13T21:53:21 IST" duration-ms="2071" status="PASS">
          <reporter-output>
          </reporter-output>
        </test-method> <!-- setUp -->
        <test-method signature="testValidLogin()[pri:0, instance:tests.LoginTest@3427b02d]" started-at="2026-01-13T21:53:21 IST" name="testValidLogin" finished-at="2026-01-13T21:53:25 IST" duration-ms="3966" status="PASS">
          <reporter-output>
          </reporter-output>
        </test-method> <!-- testValidLogin -->
      </class> <!-- tests.LoginTest -->
    </test> <!-- Default test -->
  </suite> <!-- Default suite -->
</testng-results>
